2024-11-14 22:16:33 WARNING  WGEDLA  _      ______________  __   ___ 
2024-11-14 22:16:33 WARNING  WGEDLA | | /| / / ___/ __/ _ \/ /  / _ |
2024-11-14 22:16:33 WARNING  WGEDLA | |/ |/ / (_ / _// // / /__/ __ |
2024-11-14 22:16:33 WARNING  WGEDLA |__/|__/\___/___/____/____/_/ |_|
2024-11-14 22:16:33 WARNING  WGEDLA WGE Dedicated Logging Application is starting up!
2024-11-14 22:16:33 INFO     WGEDLA Loaded extension cogs.commands_admin
2024-11-14 22:16:33 INFO     WGEDLA Loaded extension cogs.commands_dev
2024-11-14 22:16:33 INFO     WGEDLA Loaded extension cogs.log_audit_log
2024-11-14 22:16:33 INFO     WGEDLA Loaded extension cogs.log_join_part
2024-11-14 22:16:33 INFO     WGEDLA Loaded extension cogs.log_member_actions
2024-11-14 22:16:33 INFO     WGEDLA Loaded extension cogs.log_messages
2024-11-14 22:16:33 INFO     WGEDLA Loaded extension cogs.log_moderator_actions
2024-11-14 22:16:33 INFO     WGEDLA Loaded extension cogs.log_voice
2024-11-14 22:16:33 INFO     WGEDLA Loaded extension cogs.status
2024-11-14 22:16:35 WARNING  WGEDLA logging disabled for guild UMBRELLA™ 602710438312017961 - No Settings
2024-11-14 22:16:35 WARNING  WGEDLA logging disabled for guild STS Community 797781758841847808 - No Settings
2024-11-14 22:16:35 WARNING  WGEDLA logging disabled for guild Youplex.site 1073319972111134740 - No Settings
2024-11-14 22:16:35 WARNING  WGEDLA logging disabled for guild inter serv 180 1246195033259118753 - No Settings
2024-11-14 22:16:35 WARNING  WGEDLA logged in as Étoile d'ébène | 1240307312216899696
2024-11-14 22:17:59 WARNING  WGEDLA logging enabled for guild STS Community 797781758841847808
2024-11-14 22:18:42 WARNING  WGEDLA logging enabled for guild STS Community 797781758841847808
2024-11-14 22:18:57 WARNING  WGEDLA logging enabled for guild STS Community 797781758841847808
2024-11-14 22:19:25 WARNING  WGEDLA logging enabled for guild STS Community 797781758841847808
2024-11-14 22:19:46 WARNING  WGEDLA logging enabled for guild STS Community 797781758841847808
2024-11-14 22:20:01 WARNING  WGEDLA logging enabled for guild STS Community 797781758841847808
2024-11-14 22:50:36 WARNING  WGEDLA logging enabled for guild STS Community 797781758841847808
2024-11-14 22:50:52 WARNING  WGEDLA logging enabled for guild STS Community 797781758841847808
2024-11-14 22:51:12 WARNING  WGEDLA logging enabled for guild STS Community 797781758841847808
2024-11-14 22:51:31 WARNING  WGEDLA logging enabled for guild STS Community 797781758841847808
2024-11-14 22:51:57 WARNING  WGEDLA logging enabled for guild STS Community 797781758841847808
2024-11-14 22:52:13 WARNING  WGEDLA logging enabled for guild STS Community 797781758841847808
2024-11-15 11:05:22 WARNING  WGEDLA  _      ______________  __   ___ 
2024-11-15 11:05:22 WARNING  WGEDLA | | /| / / ___/ __/ _ \/ /  / _ |
2024-11-15 11:05:22 WARNING  WGEDLA | |/ |/ / (_ / _// // / /__/ __ |
2024-11-15 11:05:22 WARNING  WGEDLA |__/|__/\___/___/____/____/_/ |_|
2024-11-15 11:05:22 WARNING  WGEDLA WGE Dedicated Logging Application is starting up!
2024-11-15 11:05:22 INFO     WGEDLA Loaded extension cogs.commands_admin
2024-11-15 11:05:22 INFO     WGEDLA Loaded extension cogs.commands_dev
2024-11-15 11:05:22 INFO     WGEDLA Loaded extension cogs.log_audit_log
2024-11-15 11:05:22 INFO     WGEDLA Loaded extension cogs.log_join_part
2024-11-15 11:05:22 INFO     WGEDLA Loaded extension cogs.log_member_actions
2024-11-15 11:05:22 INFO     WGEDLA Loaded extension cogs.log_messages
2024-11-15 11:05:22 INFO     WGEDLA Loaded extension cogs.log_moderator_actions
2024-11-15 11:05:22 INFO     WGEDLA Loaded extension cogs.log_voice
2024-11-15 11:05:22 INFO     WGEDLA Loaded extension cogs.status
2024-11-15 11:05:25 WARNING  WGEDLA logging disabled for guild UMBRELLA™ 602710438312017961 - No Settings
2024-11-15 11:05:25 WARNING  WGEDLA logging enabled for guild STS Community 797781758841847808
2024-11-15 11:05:25 WARNING  WGEDLA logging disabled for guild Youplex.site 1073319972111134740 - No Settings
2024-11-15 11:05:25 WARNING  WGEDLA logging disabled for guild inter serv 180 1246195033259118753 - No Settings
2024-11-15 11:05:25 WARNING  WGEDLA logged in as Étoile d'ébène | 1240307312216899696
2024-11-16 16:55:46 WARNING  WGEDLA  _      ______________  __   ___ 
2024-11-16 16:55:46 WARNING  WGEDLA | | /| / / ___/ __/ _ \/ /  / _ |
2024-11-16 16:55:46 WARNING  WGEDLA | |/ |/ / (_ / _// // / /__/ __ |
2024-11-16 16:55:46 WARNING  WGEDLA |__/|__/\___/___/____/____/_/ |_|
2024-11-16 16:55:46 WARNING  WGEDLA WGE Dedicated Logging Application is starting up!
2024-11-16 16:55:46 INFO     WGEDLA Loaded extension cogs.commands_admin
2024-11-16 16:55:46 INFO     WGEDLA Loaded extension cogs.commands_dev
2024-11-16 16:55:46 INFO     WGEDLA Loaded extension cogs.log_audit_log
2024-11-16 16:55:46 INFO     WGEDLA Loaded extension cogs.log_join_part
2024-11-16 16:55:46 INFO     WGEDLA Loaded extension cogs.log_member_actions
2024-11-16 16:55:46 INFO     WGEDLA Loaded extension cogs.log_messages
2024-11-16 16:55:46 INFO     WGEDLA Loaded extension cogs.log_moderator_actions
2024-11-16 16:55:46 INFO     WGEDLA Loaded extension cogs.log_voice
2024-11-16 16:55:46 INFO     WGEDLA Loaded extension cogs.status
2024-11-16 16:55:49 WARNING  WGEDLA logging disabled for guild UMBRELLA™ 602710438312017961 - No Settings
2024-11-16 16:55:49 WARNING  WGEDLA logging enabled for guild STS Community 797781758841847808
2024-11-16 16:55:49 WARNING  WGEDLA logging disabled for guild Youplex.site 1073319972111134740 - No Settings
2024-11-16 16:55:49 WARNING  WGEDLA logging disabled for guild inter serv 180 1246195033259118753 - No Settings
2024-11-16 16:55:49 WARNING  WGEDLA logged in as Étoile d'ébène | 1240307312216899696
2024-11-16 18:38:33 WARNING  WGEDLA logging enabled for guild STS Community 797781758841847808
2024-11-16 18:38:33 WARNING  WGEDLA logging enabled for guild STS Community 797781758841847808
2024-11-16 20:59:33 WARNING  WGEDLA logging enabled for guild STS Community 797781758841847808
2024-11-17 11:42:30 WARNING  WGEDLA logging enabled for guild STS Community 797781758841847808
2024-11-17 11:42:30 WARNING  WGEDLA logging enabled for guild STS Community 797781758841847808
2024-11-17 17:09:23 WARNING  WGEDLA logging enabled for guild STS Community 797781758841847808
2024-11-19 14:04:14 WARNING  WGEDLA logging enabled for guild Youplex.site 1073319972111134740
2024-11-19 14:04:59 WARNING  WGEDLA logging enabled for guild Youplex.site 1073319972111134740
2024-11-19 14:05:59 WARNING  WGEDLA logging enabled for guild Youplex.site 1073319972111134740
2024-11-19 14:06:39 WARNING  WGEDLA logging enabled for guild Youplex.site 1073319972111134740
2024-11-19 14:07:20 WARNING  WGEDLA logging enabled for guild Youplex.site 1073319972111134740
2024-11-19 14:07:37 WARNING  WGEDLA logging enabled for guild Youplex.site 1073319972111134740
2024-11-19 14:08:31 WARNING  WGEDLA logging enabled for guild UMBRELLA™ 602710438312017961
2024-11-19 14:08:54 WARNING  WGEDLA logging enabled for guild UMBRELLA™ 602710438312017961
2024-11-19 14:09:25 WARNING  WGEDLA logging enabled for guild UMBRELLA™ 602710438312017961
2024-11-19 14:09:46 WARNING  WGEDLA logging enabled for guild UMBRELLA™ 602710438312017961
2024-11-19 14:10:10 WARNING  WGEDLA logging enabled for guild UMBRELLA™ 602710438312017961
2024-11-19 14:10:29 WARNING  WGEDLA logging enabled for guild UMBRELLA™ 602710438312017961
2024-11-20 06:24:33 WARNING  WGEDLA Edit anomily detected! Incident Location: 1073319972111134740/1229726629505400893/1308664170908090452
2024-11-20 06:35:27 WARNING  WGEDLA Edit anomily detected! Incident Location: 1073319972111134740/1229726629505400893/1308664170908090452
2024-11-20 09:43:05 WARNING  WGEDLA logging enabled for guild STS Community 797781758841847808
2024-11-20 22:03:50 WARNING  WGEDLA  _      ______________  __   ___ 
2024-11-20 22:03:50 WARNING  WGEDLA | | /| / / ___/ __/ _ \/ /  / _ |
2024-11-20 22:03:50 WARNING  WGEDLA | |/ |/ / (_ / _// // / /__/ __ |
2024-11-20 22:03:50 WARNING  WGEDLA |__/|__/\___/___/____/____/_/ |_|
2024-11-20 22:03:50 WARNING  WGEDLA WGE Dedicated Logging Application is starting up!
2024-11-20 22:03:50 INFO     WGEDLA Loaded extension cogs.commands_admin
2024-11-20 22:03:50 INFO     WGEDLA Loaded extension cogs.commands_dev
2024-11-20 22:03:50 INFO     WGEDLA Loaded extension cogs.log_audit_log
2024-11-20 22:03:50 INFO     WGEDLA Loaded extension cogs.log_join_part
2024-11-20 22:03:50 INFO     WGEDLA Loaded extension cogs.log_member_actions
2024-11-20 22:03:50 INFO     WGEDLA Loaded extension cogs.log_messages
2024-11-20 22:03:50 INFO     WGEDLA Loaded extension cogs.log_moderator_actions
2024-11-20 22:03:50 INFO     WGEDLA Loaded extension cogs.log_voice
2024-11-20 22:03:50 INFO     WGEDLA Loaded extension cogs.status
2024-11-20 22:03:52 WARNING  WGEDLA logging enabled for guild UMBRELLA™ 602710438312017961
2024-11-20 22:03:53 WARNING  WGEDLA logging enabled for guild STS Community 797781758841847808
2024-11-20 22:03:53 WARNING  WGEDLA logging enabled for guild Youplex.site 1073319972111134740
2024-11-20 22:03:53 WARNING  WGEDLA logging disabled for guild inter serv 180 1246195033259118753 - No Settings
2024-11-20 22:03:53 WARNING  WGEDLA logged in as Étoile d'ébène | 1240307312216899696
